<?xml version="1.0" encoding="UTF-8"?>
<testsuite name="co.com.sofka.cuentabancaria.CuentabancariaApplicationTests" tests="1" skipped="0" failures="0" errors="0" timestamp="2024-12-13T19:57:23" hostname="INFS-ECU-LT1138" time="0.716">
  <properties/>
  <testcase name="contextLoads()" classname="co.com.sofka.cuentabancaria.CuentabancariaApplicationTests" time="0.716"/>
  <system-out><![CDATA[14:57:17.374 [Test worker] INFO org.springframework.test.context.support.AnnotationConfigContextLoaderUtils -- Could not detect default configuration classes for test class [co.com.sofka.cuentabancaria.CuentabancariaApplicationTests]: CuentabancariaApplicationTests does not declare any static, non-private, non-final, nested classes annotated with @Configuration.
14:57:17.538 [Test worker] INFO org.springframework.boot.test.context.SpringBootTestContextBootstrapper -- Found @SpringBootConfiguration co.com.sofka.cuentabancaria.CuentabancariaApplication for test class co.com.sofka.cuentabancaria.CuentabancariaApplicationTests

  .   ____          _            __ _ _
 /\\ / ___'_ __ _ _(_)_ __  __ _ \ \ \ \
( ( )\___ | '_ | '_| | '_ \/ _` | \ \ \ \
 \\/  ___)| |_)| | | | | || (_| |  ) ) ) )
  '  |____| .__|_| |_|_| |_\__, | / / / /
 =========|_|==============|___/=/_/_/_/

 :: Spring Boot ::                (v3.4.0)

2024-12-13T14:57:18.063-05:00  INFO 2932 --- [cuentabancaria] [    Test worker] c.c.s.c.CuentabancariaApplicationTests   : Starting CuentabancariaApplicationTests using Java 17.0.12 with PID 2932 (started by anderson.zambrano in C:\Users\anderson.zambrano\Documents\SofkaU\assessment-springboot-jpa)
2024-12-13T14:57:18.065-05:00  INFO 2932 --- [cuentabancaria] [    Test worker] c.c.s.c.CuentabancariaApplicationTests   : No active profile set, falling back to 1 default profile: "default"
2024-12-13T14:57:19.268-05:00  INFO 2932 --- [cuentabancaria] [    Test worker] .s.d.r.c.RepositoryConfigurationDelegate : Bootstrapping Spring Data JPA repositories in DEFAULT mode.
2024-12-13T14:57:19.373-05:00  INFO 2932 --- [cuentabancaria] [    Test worker] .s.d.r.c.RepositoryConfigurationDelegate : Finished Spring Data repository scanning in 85 ms. Found 2 JPA repository interfaces.
2024-12-13T14:57:20.052-05:00  INFO 2932 --- [cuentabancaria] [    Test worker] o.hibernate.jpa.internal.util.LogHelper  : HHH000204: Processing PersistenceUnitInfo [name: default]
2024-12-13T14:57:20.171-05:00  INFO 2932 --- [cuentabancaria] [    Test worker] org.hibernate.Version                    : HHH000412: Hibernate ORM core version 6.6.2.Final
2024-12-13T14:57:20.218-05:00  INFO 2932 --- [cuentabancaria] [    Test worker] o.h.c.internal.RegionFactoryInitiator    : HHH000026: Second-level cache disabled
2024-12-13T14:57:20.603-05:00  INFO 2932 --- [cuentabancaria] [    Test worker] o.s.o.j.p.SpringPersistenceUnitInfo      : No LoadTimeWeaver setup: ignoring JPA class transformer
2024-12-13T14:57:20.640-05:00  INFO 2932 --- [cuentabancaria] [    Test worker] com.zaxxer.hikari.HikariDataSource       : HikariPool-1 - Starting...
2024-12-13T14:57:20.793-05:00  INFO 2932 --- [cuentabancaria] [    Test worker] com.zaxxer.hikari.pool.HikariPool        : HikariPool-1 - Added connection com.mysql.cj.jdbc.ConnectionImpl@1b19712f
2024-12-13T14:57:20.795-05:00  INFO 2932 --- [cuentabancaria] [    Test worker] com.zaxxer.hikari.HikariDataSource       : HikariPool-1 - Start completed.
2024-12-13T14:57:20.837-05:00  WARN 2932 --- [cuentabancaria] [    Test worker] org.hibernate.orm.deprecation            : HHH90000025: MySQL8Dialect does not need to be specified explicitly using 'hibernate.dialect' (remove the property setting and it will be selected by default)
2024-12-13T14:57:20.838-05:00  WARN 2932 --- [cuentabancaria] [    Test worker] org.hibernate.orm.deprecation            : HHH90000026: MySQL8Dialect has been deprecated; use org.hibernate.dialect.MySQLDialect instead
2024-12-13T14:57:20.856-05:00  INFO 2932 --- [cuentabancaria] [    Test worker] org.hibernate.orm.connections.pooling    : HHH10001005: Database info:
	Database JDBC URL [Connecting through datasource 'HikariDataSource (HikariPool-1)']
	Database driver: undefined/unknown
	Database version: 8.0
	Autocommit mode: undefined/unknown
	Isolation level: undefined/unknown
	Minimum pool size: undefined/unknown
	Maximum pool size: undefined/unknown
2024-12-13T14:57:21.838-05:00  INFO 2932 --- [cuentabancaria] [    Test worker] o.h.e.t.j.p.i.JtaPlatformInitiator       : HHH000489: No JTA platform available (set 'hibernate.transaction.jta.platform' to enable JTA platform integration)
2024-12-13T14:57:21.938-05:00  INFO 2932 --- [cuentabancaria] [    Test worker] j.LocalContainerEntityManagerFactoryBean : Initialized JPA EntityManagerFactory for persistence unit 'default'
2024-12-13T14:57:22.812-05:00  WARN 2932 --- [cuentabancaria] [    Test worker] JpaBaseConfiguration$JpaWebConfiguration : spring.jpa.open-in-view is enabled by default. Therefore, database queries may be performed during view rendering. Explicitly configure spring.jpa.open-in-view to disable this warning
2024-12-13T14:57:23.554-05:00  INFO 2932 --- [cuentabancaria] [    Test worker] c.c.s.c.CuentabancariaApplicationTests   : Started CuentabancariaApplicationTests in 5.801 seconds (process running for 7.364)
]]></system-out>
  <system-err><![CDATA[]]></system-err>
</testsuite>
